2020/03/08 00:32:13.954 main [INFO] Application (StartupInfoLogger.java:48) Starting Application v1.0-SNAPSHOT on ayonel-macdeMacBook-Pro.local with PID 41307 (/Users/ayonel/workspace/mt_java/log4j2slow/target/chaos-dye.jar started by ayonel in /Users/ayonel/workspace/mt_java/log4j2slow)
2020/03/08 00:32:13.962 main [INFO] Application (SpringApplication.java:597) The following profiles are active: jar
2020/03/08 00:32:14.044 main [INFO] AnnotationConfigEmbeddedWebApplicationContext (AbstractApplicationContext.java:583) Refreshing org.springframework.boot.context.embedded.AnnotationConfigEmbeddedWebApplicationContext@2fb3536e: startup date [Sun Mar 08 00:32:14 CST 2020]; root of context hierarchy
2020/03/08 00:32:14.443 background-preinit [INFO] Version (Version.java:30) HV000001: Hibernate Validator 5.3.6.Final
2020/03/08 00:32:15.868 main [INFO] TomcatEmbeddedServletContainer (TomcatEmbeddedServletContainer.java:89) Tomcat initialized with port(s): 8081 (http)
2020/03/08 00:32:16.017 localhost-startStop-1 [INFO] ContextLoader (EmbeddedWebApplicationContext.java:276) Root WebApplicationContext: initialization completed in 1975 ms
2020/03/08 00:32:16.257 localhost-startStop-1 [INFO] ServletRegistrationBean (ServletRegistrationBean.java:190) Mapping servlet: 'dispatcherServlet' to [/]
2020/03/08 00:32:16.273 localhost-startStop-1 [INFO] FilterRegistrationBean (AbstractFilterRegistrationBean.java:258) Mapping filter: 'characterEncodingFilter' to: [/*]
2020/03/08 00:32:16.274 localhost-startStop-1 [INFO] FilterRegistrationBean (AbstractFilterRegistrationBean.java:258) Mapping filter: 'hiddenHttpMethodFilter' to: [/*]
2020/03/08 00:32:16.275 localhost-startStop-1 [INFO] FilterRegistrationBean (AbstractFilterRegistrationBean.java:258) Mapping filter: 'httpPutFormContentFilter' to: [/*]
2020/03/08 00:32:16.276 localhost-startStop-1 [INFO] FilterRegistrationBean (AbstractFilterRegistrationBean.java:258) Mapping filter: 'requestContextFilter' to: [/*]
2020/03/08 00:32:16.846 main [INFO] RequestMappingHandlerAdapter (RequestMappingHandlerAdapter.java:534) Looking for @ControllerAdvice: org.springframework.boot.context.embedded.AnnotationConfigEmbeddedWebApplicationContext@2fb3536e: startup date [Sun Mar 08 00:32:14 CST 2020]; root of context hierarchy
2020/03/08 00:32:17.013 main [INFO] RequestMappingHandlerMapping (AbstractHandlerMethodMapping.java:543) Mapped "{[/test/hello/{name}],methods=[GET]}" onto public java.lang.Object me.ayonel.MainController.queryJob(java.lang.String)
2020/03/08 00:32:17.017 main [INFO] RequestMappingHandlerMapping (AbstractHandlerMethodMapping.java:543) Mapped "{[/error]}" onto public org.springframework.http.ResponseEntity<java.util.Map<java.lang.String, java.lang.Object>> org.springframework.boot.autoconfigure.web.BasicErrorController.error(javax.servlet.http.HttpServletRequest)
2020/03/08 00:32:17.017 main [INFO] RequestMappingHandlerMapping (AbstractHandlerMethodMapping.java:543) Mapped "{[/error],produces=[text/html]}" onto public org.springframework.web.servlet.ModelAndView org.springframework.boot.autoconfigure.web.BasicErrorController.errorHtml(javax.servlet.http.HttpServletRequest,javax.servlet.http.HttpServletResponse)
2020/03/08 00:32:17.085 main [INFO] SimpleUrlHandlerMapping (AbstractUrlHandlerMapping.java:362) Mapped URL path [/webjars/**] onto handler of type [class org.springframework.web.servlet.resource.ResourceHttpRequestHandler]
2020/03/08 00:32:17.086 main [INFO] SimpleUrlHandlerMapping (AbstractUrlHandlerMapping.java:362) Mapped URL path [/**] onto handler of type [class org.springframework.web.servlet.resource.ResourceHttpRequestHandler]
2020/03/08 00:32:17.119 main [INFO] ExceptionHandlerExceptionResolver (ExceptionHandlerExceptionResolver.java:273) Detected @ExceptionHandler methods in webExceptionHandler
2020/03/08 00:32:17.175 main [INFO] SimpleUrlHandlerMapping (AbstractUrlHandlerMapping.java:362) Mapped URL path [/**/favicon.ico] onto handler of type [class org.springframework.web.servlet.resource.ResourceHttpRequestHandler]
2020/03/08 00:32:17.462 main [INFO] AnnotationMBeanExporter (MBeanExporter.java:431) Registering beans for JMX exposure on startup
2020/03/08 00:32:17.578 main [INFO] TomcatEmbeddedServletContainer (TomcatEmbeddedServletContainer.java:201) Tomcat started on port(s): 8081 (http)
2020/03/08 00:32:17.584 main [INFO] Application (StartupInfoLogger.java:57) Started Application in 4.248 seconds (JVM running for 5.453)
2020/03/08 00:32:25.871 http-nio-8081-exec-2 [INFO] DispatcherServlet (FrameworkServlet.java:489) FrameworkServlet 'dispatcherServlet': initialization started
2020/03/08 00:32:25.913 http-nio-8081-exec-2 [INFO] DispatcherServlet (FrameworkServlet.java:508) FrameworkServlet 'dispatcherServlet': initialization completed in 42 ms
2020/03/08 00:32:25.997 http-nio-8081-exec-2 [ERROR] WebExceptionHandler (WebExceptionHandler.java:30) happened service exception!
me.ayonel.ServiceException: 别叫我'jar'了,都出错了!!!
	at me.ayonel.MainController.queryJob(MainController.java:24) ~[classes!/:1.0-SNAPSHOT]
	at sun.reflect.NativeMethodAccessorImpl.invoke0(Native Method) ~[?:1.8.0_161]
	at sun.reflect.NativeMethodAccessorImpl.invoke(NativeMethodAccessorImpl.java:62) ~[?:1.8.0_161]
	at sun.reflect.DelegatingMethodAccessorImpl.invoke(DelegatingMethodAccessorImpl.java:43) ~[?:1.8.0_161]
	at java.lang.reflect.Method.invoke(Method.java:498) ~[?:1.8.0_161]
	at org.springframework.web.method.support.InvocableHandlerMethod.doInvoke(InvocableHandlerMethod.java:205) ~[spring-web-4.3.13.RELEASE.jar!/:4.3.13.RELEASE]
	at org.springframework.web.method.support.InvocableHandlerMethod.invokeForRequest(InvocableHandlerMethod.java:133) ~[spring-web-4.3.13.RELEASE.jar!/:4.3.13.RELEASE]
	at org.springframework.web.servlet.mvc.method.annotation.ServletInvocableHandlerMethod.invokeAndHandle(ServletInvocableHandlerMethod.java:97) ~[spring-webmvc-4.3.13.RELEASE.jar!/:4.3.13.RELEASE]
	at org.springframework.web.servlet.mvc.method.annotation.RequestMappingHandlerAdapter.invokeHandlerMethod(RequestMappingHandlerAdapter.java:827) ~[spring-webmvc-4.3.13.RELEASE.jar!/:4.3.13.RELEASE]
	at org.springframework.web.servlet.mvc.method.annotation.RequestMappingHandlerAdapter.handleInternal(RequestMappingHandlerAdapter.java:738) ~[spring-webmvc-4.3.13.RELEASE.jar!/:4.3.13.RELEASE]
	at org.springframework.web.servlet.mvc.method.AbstractHandlerMethodAdapter.handle(AbstractHandlerMethodAdapter.java:85) ~[spring-webmvc-4.3.13.RELEASE.jar!/:4.3.13.RELEASE]
	at org.springframework.web.servlet.DispatcherServlet.doDispatch(DispatcherServlet.java:967) [spring-webmvc-4.3.13.RELEASE.jar!/:4.3.13.RELEASE]
	at org.springframework.web.servlet.DispatcherServlet.doService(DispatcherServlet.java:901) [spring-webmvc-4.3.13.RELEASE.jar!/:4.3.13.RELEASE]
	at org.springframework.web.servlet.FrameworkServlet.processRequest(FrameworkServlet.java:970) [spring-webmvc-4.3.13.RELEASE.jar!/:4.3.13.RELEASE]
	at org.springframework.web.servlet.FrameworkServlet.doGet(FrameworkServlet.java:861) [spring-webmvc-4.3.13.RELEASE.jar!/:4.3.13.RELEASE]
	at javax.servlet.http.HttpServlet.service(HttpServlet.java:635) [tomcat-embed-core-8.5.23.jar!/:8.5.23]
	at org.springframework.web.servlet.FrameworkServlet.service(FrameworkServlet.java:846) [spring-webmvc-4.3.13.RELEASE.jar!/:4.3.13.RELEASE]
	at javax.servlet.http.HttpServlet.service(HttpServlet.java:742) [tomcat-embed-core-8.5.23.jar!/:8.5.23]
	at org.apache.catalina.core.ApplicationFilterChain.internalDoFilter(ApplicationFilterChain.java:231) [tomcat-embed-core-8.5.23.jar!/:8.5.23]
	at org.apache.catalina.core.ApplicationFilterChain.doFilter(ApplicationFilterChain.java:166) [tomcat-embed-core-8.5.23.jar!/:8.5.23]
	at org.apache.tomcat.websocket.server.WsFilter.doFilter(WsFilter.java:52) [tomcat-embed-websocket-8.5.23.jar!/:8.5.23]
	at org.apache.catalina.core.ApplicationFilterChain.internalDoFilter(ApplicationFilterChain.java:193) [tomcat-embed-core-8.5.23.jar!/:8.5.23]
	at org.apache.catalina.core.ApplicationFilterChain.doFilter(ApplicationFilterChain.java:166) [tomcat-embed-core-8.5.23.jar!/:8.5.23]
	at org.springframework.web.filter.RequestContextFilter.doFilterInternal(RequestContextFilter.java:99) [spring-web-4.3.13.RELEASE.jar!/:4.3.13.RELEASE]
	at org.springframework.web.filter.OncePerRequestFilter.doFilter(OncePerRequestFilter.java:107) [spring-web-4.3.13.RELEASE.jar!/:4.3.13.RELEASE]
	at org.apache.catalina.core.ApplicationFilterChain.internalDoFilter(ApplicationFilterChain.java:193) [tomcat-embed-core-8.5.23.jar!/:8.5.23]
	at org.apache.catalina.core.ApplicationFilterChain.doFilter(ApplicationFilterChain.java:166) [tomcat-embed-core-8.5.23.jar!/:8.5.23]
	at org.springframework.web.filter.HttpPutFormContentFilter.doFilterInternal(HttpPutFormContentFilter.java:108) [spring-web-4.3.13.RELEASE.jar!/:4.3.13.RELEASE]
	at org.springframework.web.filter.OncePerRequestFilter.doFilter(OncePerRequestFilter.java:107) [spring-web-4.3.13.RELEASE.jar!/:4.3.13.RELEASE]
	at org.apache.catalina.core.ApplicationFilterChain.internalDoFilter(ApplicationFilterChain.java:193) [tomcat-embed-core-8.5.23.jar!/:8.5.23]
	at org.apache.catalina.core.ApplicationFilterChain.doFilter(ApplicationFilterChain.java:166) [tomcat-embed-core-8.5.23.jar!/:8.5.23]
	at org.springframework.web.filter.HiddenHttpMethodFilter.doFilterInternal(HiddenHttpMethodFilter.java:81) [spring-web-4.3.13.RELEASE.jar!/:4.3.13.RELEASE]
	at org.springframework.web.filter.OncePerRequestFilter.doFilter(OncePerRequestFilter.java:107) [spring-web-4.3.13.RELEASE.jar!/:4.3.13.RELEASE]
	at org.apache.catalina.core.ApplicationFilterChain.internalDoFilter(ApplicationFilterChain.java:193) [tomcat-embed-core-8.5.23.jar!/:8.5.23]
	at org.apache.catalina.core.ApplicationFilterChain.doFilter(ApplicationFilterChain.java:166) [tomcat-embed-core-8.5.23.jar!/:8.5.23]
	at org.springframework.web.filter.CharacterEncodingFilter.doFilterInternal(CharacterEncodingFilter.java:197) [spring-web-4.3.13.RELEASE.jar!/:4.3.13.RELEASE]
	at org.springframework.web.filter.OncePerRequestFilter.doFilter(OncePerRequestFilter.java:107) [spring-web-4.3.13.RELEASE.jar!/:4.3.13.RELEASE]
	at org.apache.catalina.core.ApplicationFilterChain.internalDoFilter(ApplicationFilterChain.java:193) [tomcat-embed-core-8.5.23.jar!/:8.5.23]
	at org.apache.catalina.core.ApplicationFilterChain.doFilter(ApplicationFilterChain.java:166) [tomcat-embed-core-8.5.23.jar!/:8.5.23]
	at org.apache.catalina.core.StandardWrapperValve.invoke(StandardWrapperValve.java:199) [tomcat-embed-core-8.5.23.jar!/:8.5.23]
	at org.apache.catalina.core.StandardContextValve.invoke(StandardContextValve.java:96) [tomcat-embed-core-8.5.23.jar!/:8.5.23]
	at org.apache.catalina.authenticator.AuthenticatorBase.invoke(AuthenticatorBase.java:478) [tomcat-embed-core-8.5.23.jar!/:8.5.23]
	at org.apache.catalina.core.StandardHostValve.invoke(StandardHostValve.java:140) [tomcat-embed-core-8.5.23.jar!/:8.5.23]
	at org.apache.catalina.valves.ErrorReportValve.invoke(ErrorReportValve.java:81) [tomcat-embed-core-8.5.23.jar!/:8.5.23]
	at org.apache.catalina.core.StandardEngineValve.invoke(StandardEngineValve.java:87) [tomcat-embed-core-8.5.23.jar!/:8.5.23]
	at org.apache.catalina.connector.CoyoteAdapter.service(CoyoteAdapter.java:342) [tomcat-embed-core-8.5.23.jar!/:8.5.23]
	at org.apache.coyote.http11.Http11Processor.service(Http11Processor.java:803) [tomcat-embed-core-8.5.23.jar!/:8.5.23]
	at org.apache.coyote.AbstractProcessorLight.process(AbstractProcessorLight.java:66) [tomcat-embed-core-8.5.23.jar!/:8.5.23]
	at org.apache.coyote.AbstractProtocol$ConnectionHandler.process(AbstractProtocol.java:868) [tomcat-embed-core-8.5.23.jar!/:8.5.23]
	at org.apache.tomcat.util.net.NioEndpoint$SocketProcessor.doRun(NioEndpoint.java:1459) [tomcat-embed-core-8.5.23.jar!/:8.5.23]
	at org.apache.tomcat.util.net.SocketProcessorBase.run(SocketProcessorBase.java:49) [tomcat-embed-core-8.5.23.jar!/:8.5.23]
	at java.util.concurrent.ThreadPoolExecutor.runWorker(ThreadPoolExecutor.java:1149) [?:1.8.0_161]
	at java.util.concurrent.ThreadPoolExecutor$Worker.run(ThreadPoolExecutor.java:624) [?:1.8.0_161]
	at org.apache.tomcat.util.threads.TaskThread$WrappingRunnable.run(TaskThread.java:61) [tomcat-embed-core-8.5.23.jar!/:8.5.23]
	at java.lang.Thread.run(Thread.java:748) [?:1.8.0_161]
2020/03/08 00:33:04.749 Thread-3 [INFO] AnnotationConfigEmbeddedWebApplicationContext (AbstractApplicationContext.java:984) Closing org.springframework.boot.context.embedded.AnnotationConfigEmbeddedWebApplicationContext@2fb3536e: startup date [Sun Mar 08 00:32:14 CST 2020]; root of context hierarchy
2020/03/08 00:33:04.752 Thread-3 [INFO] AnnotationMBeanExporter (MBeanExporter.java:449) Unregistering JMX-exposed beans on shutdown
